2020-07-07T09:06:08+00:00 CRITICAL syntax error, unexpected end of file, expecting variable (T_VARIABLE) or ${ (T_DOLLAR_OPEN_CURLY_BRACES) or {$ (T_CURLY_OPEN) in C:\xampp\htdocs\petticap\wp-content\themes\default\page.php in Zeile 33

2020-07-07T09:06:23+00:00 CRITICAL Uncaught Error: Function name must be a string in C:\xampp\htdocs\petticap\wp-content\themes\default\page.php:20
Stack trace:
#0 C:\xampp\htdocs\petticap\wp-includes\template-loader.php(106): include()
#1 C:\xampp\htdocs\petticap\wp-blog-header.php(19): require_once('C:\\xampp\\htdocs...')
#2 C:\xampp\htdocs\petticap\index.php(17): require('C:\\xampp\\htdocs...')
#3 {main}
  thrown in C:\xampp\htdocs\petticap\wp-content\themes\default\page.php in Zeile 20

2020-07-07T09:06:32+00:00 CRITICAL syntax error, unexpected 'site_url' (T_STRING) in C:\xampp\htdocs\petticap\wp-content\themes\default\page.php in Zeile 20

2020-07-07T09:06:42+00:00 CRITICAL syntax error, unexpected 'site_url' (T_STRING) in C:\xampp\htdocs\petticap\wp-content\themes\default\page.php in Zeile 20

2020-07-07T09:06:59+00:00 CRITICAL syntax error, unexpected ';' in C:\xampp\htdocs\petticap\wp-content\themes\default\page.php in Zeile 20

2020-07-07T10:07:08+00:00 CRITICAL syntax error, unexpected ';' in C:\xampp\htdocs\petticap\wp-content\themes\default\page.php in Zeile 20

2020-07-07T10:07:09+00:00 CRITICAL syntax error, unexpected ';' in C:\xampp\htdocs\petticap\wp-content\themes\default\page.php in Zeile 20

2020-07-07T10:07:10+00:00 CRITICAL syntax error, unexpected ';' in C:\xampp\htdocs\petticap\wp-content\themes\default\page.php in Zeile 20

2020-07-07T10:07:17+00:00 CRITICAL syntax error, unexpected ';' in C:\xampp\htdocs\petticap\wp-content\themes\default\page.php in Zeile 20

2020-07-07T10:07:18+00:00 CRITICAL syntax error, unexpected ';' in C:\xampp\htdocs\petticap\wp-content\themes\default\page.php in Zeile 20

2020-07-07T10:07:25+00:00 CRITICAL syntax error, unexpected ';' in C:\xampp\htdocs\petticap\wp-content\themes\default\page.php in Zeile 20

2020-07-07T10:07:25+00:00 CRITICAL syntax error, unexpected ';' in C:\xampp\htdocs\petticap\wp-content\themes\default\page.php in Zeile 20

2020-07-07T10:08:17+00:00 CRITICAL syntax error, unexpected '<' in C:\xampp\htdocs\petticap\wp-content\themes\default\page.php in Zeile 21

2020-07-07T10:08:19+00:00 CRITICAL syntax error, unexpected '<' in C:\xampp\htdocs\petticap\wp-content\themes\default\page.php in Zeile 21

2020-07-07T10:08:19+00:00 CRITICAL syntax error, unexpected '<' in C:\xampp\htdocs\petticap\wp-content\themes\default\page.php in Zeile 21

2020-07-07T10:08:21+00:00 CRITICAL syntax error, unexpected '<' in C:\xampp\htdocs\petticap\wp-content\themes\default\page.php in Zeile 22

2020-07-07T10:08:22+00:00 CRITICAL syntax error, unexpected '<' in C:\xampp\htdocs\petticap\wp-content\themes\default\page.php in Zeile 22

2020-07-07T10:08:24+00:00 CRITICAL syntax error, unexpected end of file in C:\xampp\htdocs\petticap\wp-content\themes\default\page.php in Zeile 43

2020-07-07T10:08:25+00:00 CRITICAL syntax error, unexpected end of file in C:\xampp\htdocs\petticap\wp-content\themes\default\page.php in Zeile 44

2020-07-07T10:08:26+00:00 CRITICAL syntax error, unexpected end of file in C:\xampp\htdocs\petticap\wp-content\themes\default\page.php in Zeile 44

2020-07-07T10:08:27+00:00 CRITICAL syntax error, unexpected end of file in C:\xampp\htdocs\petticap\wp-content\themes\default\page.php in Zeile 44

2020-07-07T10:08:30+00:00 CRITICAL syntax error, unexpected end of file in C:\xampp\htdocs\petticap\wp-content\themes\default\page.php in Zeile 44

2020-07-07T10:08:30+00:00 CRITICAL syntax error, unexpected end of file in C:\xampp\htdocs\petticap\wp-content\themes\default\page.php in Zeile 44

2020-07-07T10:08:33+00:00 CRITICAL syntax error, unexpected end of file in C:\xampp\htdocs\petticap\wp-content\themes\default\page.php in Zeile 43

2020-07-07T10:08:33+00:00 CRITICAL syntax error, unexpected end of file in C:\xampp\htdocs\petticap\wp-content\themes\default\page.php in Zeile 43

2020-07-07T10:08:34+00:00 CRITICAL syntax error, unexpected end of file in C:\xampp\htdocs\petticap\wp-content\themes\default\page.php in Zeile 43

2020-07-07T10:08:35+00:00 CRITICAL syntax error, unexpected end of file in C:\xampp\htdocs\petticap\wp-content\themes\default\page.php in Zeile 43

2020-07-07T10:08:44+00:00 CRITICAL syntax error, unexpected end of file in C:\xampp\htdocs\petticap\wp-content\themes\default\page.php in Zeile 46

2020-07-07T10:08:44+00:00 CRITICAL syntax error, unexpected end of file in C:\xampp\htdocs\petticap\wp-content\themes\default\page.php in Zeile 46

2020-07-07T10:08:48+00:00 CRITICAL syntax error, unexpected end of file in C:\xampp\htdocs\petticap\wp-content\themes\default\page.php in Zeile 44

2020-07-07T10:08:49+00:00 CRITICAL syntax error, unexpected end of file in C:\xampp\htdocs\petticap\wp-content\themes\default\page.php in Zeile 44

2020-07-07T10:08:51+00:00 CRITICAL syntax error, unexpected end of file in C:\xampp\htdocs\petticap\wp-content\themes\default\page.php in Zeile 44

2020-07-07T10:08:52+00:00 CRITICAL syntax error, unexpected end of file in C:\xampp\htdocs\petticap\wp-content\themes\default\page.php in Zeile 44

2020-07-07T10:08:53+00:00 CRITICAL syntax error, unexpected end of file in C:\xampp\htdocs\petticap\wp-content\themes\default\page.php in Zeile 44

2020-07-07T10:09:48+00:00 CRITICAL syntax error, unexpected end of file in C:\xampp\htdocs\petticap\wp-content\themes\default\page.php in Zeile 44

2020-07-07T10:09:49+00:00 CRITICAL syntax error, unexpected end of file in C:\xampp\htdocs\petticap\wp-content\themes\default\page.php in Zeile 44

2020-07-07T10:09:55+00:00 CRITICAL syntax error, unexpected end of file in C:\xampp\htdocs\petticap\wp-content\themes\default\page.php in Zeile 43

2020-07-07T10:09:56+00:00 CRITICAL syntax error, unexpected end of file in C:\xampp\htdocs\petticap\wp-content\themes\default\page.php in Zeile 43

2020-07-07T10:10:00+00:00 CRITICAL syntax error, unexpected end of file in C:\xampp\htdocs\petticap\wp-content\themes\default\page.php in Zeile 43

2020-07-07T10:10:01+00:00 CRITICAL syntax error, unexpected end of file in C:\xampp\htdocs\petticap\wp-content\themes\default\page.php in Zeile 43

2020-07-07T10:10:25+00:00 CRITICAL syntax error, unexpected end of file, expecting elseif (T_ELSEIF) or else (T_ELSE) or endif (T_ENDIF) in C:\xampp\htdocs\petticap\wp-content\themes\default\page.php in Zeile 43

2020-07-07T10:10:25+00:00 CRITICAL syntax error, unexpected end of file, expecting elseif (T_ELSEIF) or else (T_ELSE) or endif (T_ENDIF) in C:\xampp\htdocs\petticap\wp-content\themes\default\page.php in Zeile 43

2020-07-07T10:10:31+00:00 CRITICAL syntax error, unexpected end of file, expecting elseif (T_ELSEIF) or else (T_ELSE) or endif (T_ENDIF) in C:\xampp\htdocs\petticap\wp-content\themes\default\page.php in Zeile 42

2020-07-07T10:10:31+00:00 CRITICAL syntax error, unexpected end of file, expecting elseif (T_ELSEIF) or else (T_ELSE) or endif (T_ENDIF) in C:\xampp\htdocs\petticap\wp-content\themes\default\page.php in Zeile 42

